<?xml version="1.0" encoding="UTF-8"?>
<!-- Generated by org.testng.reporters.JUnitReportReporter -->
<testsuite hostname="LAPTOP-60509PTC" failures="0" tests="2" name="VerifyPlayer.VerifyRcbTeam" time="1.648" errors="0" timestamp="2022-07-06T15:37:06 IST" skipped="0">
  <testcase classname="VerifyPlayer.VerifyRcbTeam" name="verifyWicketKeeper" time="0.042"/>
  <system-out/>
  <testcase classname="VerifyPlayer.VerifyRcbTeam" name="verifyForeignPlayers" time="1.606"/>
  <system-out/>
</testsuite> <!-- VerifyPlayer.VerifyRcbTeam -->
